<?xml version="1.0" encoding="UTF-8"?>
<testsuites name="Mocha Tests" time="0.005" tests="2" failures="0">
  <testsuite name="Root Suite" timestamp="2019-12-16T11:01:56" tests="0" failures="0" time="0">
  </testsuite>
  <testsuite name="Base config no deprecations" timestamp="2019-12-16T11:01:56" tests="2" file="/home/jenkins/agent/workspace/Builds_codestyle_master/test/rules.js" failures="0" time="0.005">
    <testcase name="Base config no deprecations should return empty messages" time="0.004" classname="should return empty messages">
    </testcase>
    <testcase name="Base config no deprecations react, should return empty messages" time="0.001" classname="react, should return empty messages">
    </testcase>
  </testsuite>
</testsuites>